  carlos.cpp
  main.cpp
  Generating Code...
carlos.obj : error LNK2019: unresolved external symbol "public: void __cdecl sf::Transformable::setPosition(class sf::Vector2<float>)" (?setPosition@Transformable@sf@@QEAAXV?$Vector2@M@2@@Z) referenced in function "void __cdecl inicializarPala(struct Pala &,float,float)" (?inicializarPala@@YAXAEAUPala@@MM@Z)
carlos.obj : error LNK2019: unresolved external symbol "public: class sf::Vector2<float> __cdecl sf::Transformable::getPosition(void)const " (?getPosition@Transformable@sf@@QEBA?AV?$Vector2@M@2@XZ) referenced in function "void __cdecl moverPala(struct Pala &,float,bool,float,float)" (?moverPala@@YAXAEAUPala@@M_NMM@Z)
carlos.obj : error LNK2019: unresolved external symbol "public: void __cdecl sf::Transformable::move(class sf::Vector2<float>)" (?move@Transformable@sf@@QEAAXV?$Vector2@M@2@@Z) referenced in function "void __cdecl moverPala(struct Pala &,float,bool,float,float)" (?moverPala@@YAXAEAUPala@@M_NMM@Z)
carlos.obj : error LNK2019: unresolved external symbol "public: void __cdecl sf::Shape::setFillColor(class sf::Color)" (?setFillColor@Shape@sf@@QEAAXVColor@2@@Z) referenced in function "void __cdecl inicializarPala(struct Pala &,float,float)" (?inicializarPala@@YAXAEAUPala@@MM@Z)
carlos.obj : error LNK2019: unresolved external symbol "public: void __cdecl sf::RectangleShape::setSize(class sf::Vector2<float>)" (?setSize@RectangleShape@sf@@QEAAXV?$Vector2@M@2@@Z) referenced in function "void __cdecl inicializarPala(struct Pala &,float,float)" (?inicializarPala@@YAXAEAUPala@@MM@Z)
carlos.obj : error LNK2019: unresolved external symbol "public: class sf::Vector2<float> __cdecl sf::RectangleShape::getSize(void)const " (?getSize@RectangleShape@sf@@QEBA?AV?$Vector2@M@2@XZ) referenced in function "void __cdecl moverPala(struct Pala &,float,bool,float,float)" (?moverPala@@YAXAEAUPala@@M_NMM@Z)
carlos.obj : error LNK2019: unresolved external symbol "public: void __cdecl sf::RenderTarget::draw(class sf::Drawable const &,struct sf::RenderStates const &)" (?draw@RenderTarget@sf@@QEAAXAEBVDrawable@2@AEBURenderStates@2@@Z) referenced in function "void __cdecl dibujarPala(class sf::RenderWindow &,struct Pala &)" (?dibujarPala@@YAXAEAVRenderWindow@sf@@AEAUPala@@@Z)
carlos.obj : error LNK2001: unresolved external symbol "public: static struct sf::RenderStates const sf::RenderStates::Default" (?Default@RenderStates@sf@@2U12@B)
main.obj : error LNK2019: unresolved external symbol "public: __cdecl sf::RectangleShape::RectangleShape(class sf::Vector2<float>)" (??0RectangleShape@sf@@QEAA@V?$Vector2@M@1@@Z) referenced in function "public: __cdecl Pala::Pala(void)" (??0Pala@@QEAA@XZ)
main.obj : error LNK2019: unresolved external symbol "public: void __cdecl sf::RenderTarget::clear(class sf::Color)" (?clear@RenderTarget@sf@@QEAAXVColor@2@@Z) referenced in function main
main.obj : error LNK2019: unresolved external symbol "public: __cdecl sf::VideoMode::VideoMode(class sf::Vector2<unsigned int>,unsigned int)" (??0VideoMode@sf@@QEAA@V?$Vector2@I@1@I@Z) referenced in function main
main.obj : error LNK2019: unresolved external symbol "public: bool __cdecl sf::WindowBase::isOpen(void)const " (?isOpen@WindowBase@sf@@QEBA_NXZ) referenced in function main
main.obj : error LNK2019: unresolved external symbol "public: class std::optional<class sf::Event> __cdecl sf::WindowBase::pollEvent(void)" (?pollEvent@WindowBase@sf@@QEAA?AV?$optional@VEvent@sf@@@std@@XZ) referenced in function main
main.obj : error LNK2019: unresolved external symbol "public: __cdecl sf::String::String(char const *,class std::locale const &)" (??0String@sf@@QEAA@PEBDAEBVlocale@std@@@Z) referenced in function main
main.obj : error LNK2019: unresolved external symbol "bool __cdecl sf::Keyboard::isKeyPressed(enum sf::Keyboard::Scan)" (?isKeyPressed@Keyboard@sf@@YA_NW4Scan@12@@Z) referenced in function main
main.obj : error LNK2019: unresolved external symbol "public: class sf::Time __cdecl sf::Clock::restart(void)" (?restart@Clock@sf@@QEAA?AVTime@2@XZ) referenced in function main
main.obj : error LNK2019: unresolved external symbol "public: virtual __cdecl sf::Window::~Window(void)" (??1Window@sf@@UEAA@XZ) referenced in function "public: virtual __cdecl sf::RenderWindow::~RenderWindow(void)" (??1RenderWindow@sf@@UEAA@XZ)
main.obj : error LNK2019: unresolved external symbol "public: virtual void __cdecl sf::Window::close(void)" (?close@Window@sf@@UEAAXXZ) referenced in function main
main.obj : error LNK2019: unresolved external symbol "public: void __cdecl sf::Window::setFramerateLimit(unsigned int)" (?setFramerateLimit@Window@sf@@QEAAXI@Z) referenced in function main
main.obj : error LNK2019: unresolved external symbol "public: void __cdecl sf::Window::display(void)" (?display@Window@sf@@QEAAXXZ) referenced in function main
main.obj : error LNK2019: unresolved external symbol "public: __cdecl sf::RenderWindow::RenderWindow(class sf::VideoMode,class sf::String const &,unsigned int,enum sf::State,struct sf::ContextSettings const &)" (??0RenderWindow@sf@@QEAA@VVideoMode@1@AEBVString@1@IW4State@1@AEBUContextSettings@1@@Z) referenced in function main
G:\2025-2026\Practicas programacion\Ping Pong Retro Challenge\x64\Debug\Ping Pong Retro Challenge.exe : fatal error LNK1120: 21 unresolved externals
